<?xml version="1.0" encoding="UTF-8"?>
<!-- Generated by org.testng.reporters.JUnitReportReporter -->
<testsuite hostname="Piotrek-HP" name="tests.TestLogin" tests="1" failures="0" timestamp="20 Nov 2016 12:26:46 GMT" time="21.364" errors="0">
  <testcase name="testLoginAsAdmin" time="21.364" classname="tests.TestLogin"/>
</testsuite> <!-- tests.TestLogin -->
