<?xml version="1.0" encoding="UTF-8"?>
<!-- Generated by org.testng.reporters.JUnitReportReporter -->
<testsuite hostname="Piotrek-HP" name="tests.TestLogin" tests="1" failures="0" timestamp="25 Nov 2016 19:41:47 GMT" time="20.437" errors="0">
  <testcase name="testLoginWithIncorrectData" time="20.437" classname="tests.TestLogin"/>
</testsuite> <!-- tests.TestLogin -->
